<?xml version='1.0'?>
<ns2:test-suite xmlns:ns2='urn:model.allure.qatools.yandex.ru' start='1621488201736' stop='1621488526207'>
    <name>test dhaka page of birkroy.com</name>
    <title>test dhaka page of birkroy.com</title>
    <test-cases>
        <test-case start='1621488201736' status='failed' stop='1621488291798'>
            <name>find lowest value</name>
            <title>find lowest value</title>
            <labels/>
            <parameters/>
            <steps/>
            <attachments/>
            <failure>
                <message>Error: Timeout - Async callback was not invoked within timeout specified by jasmine.DEFAULT_TIMEOUT_INTERVAL.</message>
                <stack-trace>Error: Timeout - Async callback was not invoked within timeout specified by jasmine.DEFAULT_TIMEOUT_INTERVAL.
                    at Timeout._onTimeout (C:\Users\LS\AppData\Roaming\npm\node_modules\protractor\node_modules\jasmine-core\lib\jasmine-core\jasmine.js:4281:23)
                    at listOnTimeout (internal/timers.js:554:17)
                    at processTimers (internal/timers.js:497:7)</stack-trace>
            </failure>
        </test-case>
        <test-case start='1621488291798' status='failed' stop='1621488381821'>
            <name>click on loweat value</name>
            <title>click on loweat value</title>
            <labels/>
            <parameters/>
            <steps/>
            <attachments/>
            <failure>
                <message>Error: Timeout - Async callback was not invoked within timeout specified by jasmine.DEFAULT_TIMEOUT_INTERVAL.</message>
                <stack-trace>Error: Timeout - Async callback was not invoked within timeout specified by jasmine.DEFAULT_TIMEOUT_INTERVAL.
                    at Timeout._onTimeout (C:\Users\LS\AppData\Roaming\npm\node_modules\protractor\node_modules\jasmine-core\lib\jasmine-core\jasmine.js:4281:23)
                    at listOnTimeout (internal/timers.js:554:17)
                    at processTimers (internal/timers.js:497:7)</stack-trace>
            </failure>
        </test-case>
        <test-case start='1621488381821' status='failed' stop='1621488471855'>
            <name>find date text</name>
            <title>find date text</title>
            <labels/>
            <parameters/>
            <steps/>
            <attachments/>
            <failure>
                <message>Error: Timeout - Async callback was not invoked within timeout specified by jasmine.DEFAULT_TIMEOUT_INTERVAL.</message>
                <stack-trace>Error: Timeout - Async callback was not invoked within timeout specified by jasmine.DEFAULT_TIMEOUT_INTERVAL.
                    at Timeout._onTimeout (C:\Users\LS\AppData\Roaming\npm\node_modules\protractor\node_modules\jasmine-core\lib\jasmine-core\jasmine.js:4281:23)
                    at listOnTimeout (internal/timers.js:554:17)
                    at processTimers (internal/timers.js:497:7)</stack-trace>
            </failure>
        </test-case>
        <test-case start='1621488471856' status='failed' stop='1621488516873'>
            <name>find element text</name>
            <title>find element text</title>
            <labels/>
            <parameters/>
            <steps/>
            <attachments/>
            <failure>
                <message>Error: Timeout - Async callback was not invoked within timeout specified by jasmine.DEFAULT_TIMEOUT_INTERVAL.</message>
                <stack-trace>Error: Timeout - Async callback was not invoked within timeout specified by jasmine.DEFAULT_TIMEOUT_INTERVAL.
                    at Timeout._onTimeout (C:\Users\LS\AppData\Roaming\npm\node_modules\protractor\node_modules\jasmine-core\lib\jasmine-core\jasmine.js:4281:23)
                    at listOnTimeout (internal/timers.js:554:17)
                    at processTimers (internal/timers.js:497:7)</stack-trace>
            </failure>
        </test-case>
        <test-case start='1621488516874' status='passed' stop='1621488521656'>
            <name>click number button</name>
            <title>click number button</title>
            <labels/>
            <parameters/>
            <steps/>
            <attachments/>
        </test-case>
        <test-case start='1621488521656' status='passed' stop='1621488526206'>
            <name>valid_phone_number</name>
            <title>valid_phone_number</title>
            <labels/>
            <parameters/>
            <steps/>
            <attachments/>
        </test-case>
    </test-cases>
</ns2:test-suite>